   1               		.file	"asc_store.c"
   2               	__SP_H__ = 0x3e
   3               	__SP_L__ = 0x3d
   4               	__SREG__ = 0x3f
   5               	__tmp_reg__ = 0
   6               	__zero_reg__ = 1
   9               		.text
  10               	.Ltext0:
  80               	.global	__asc_store
  81               		.data
  84               	__asc_store:
  85 0000 0000      		.word	__store
  86               		.comm	__store,26,1
  89               		.text
  91               	.Letext0:
  92               		.ident	"GCC: (GNU) 4.7.2"
  93               	.global __do_copy_data
  94               	.global __do_clear_bss
DEFINED SYMBOLS
                            *ABS*:00000000 asc_store.c
     /tmp/ccPMFUUX.s:2      *ABS*:0000003e __SP_H__
     /tmp/ccPMFUUX.s:3      *ABS*:0000003d __SP_L__
     /tmp/ccPMFUUX.s:4      *ABS*:0000003f __SREG__
     /tmp/ccPMFUUX.s:5      *ABS*:00000000 __tmp_reg__
     /tmp/ccPMFUUX.s:6      *ABS*:00000001 __zero_reg__
     /tmp/ccPMFUUX.s:84     .data:00000000 __asc_store
                            *COM*:0000001a __store

UNDEFINED SYMBOLS
__do_copy_data
__do_clear_bss
