   1               		.file	"asctime.c"
   2               	__SP_H__ = 0x3e
   3               	__SP_L__ = 0x3d
   4               	__SREG__ = 0x3f
   5               	__tmp_reg__ = 0
   6               	__zero_reg__ = 1
   9               		.text
  10               	.Ltext0:
  82               	.global	asctime
  84               	asctime:
  85               		.stabd	46,0,0
   1:../freeRTOS750/lib_time/asctime.c **** /*
   2:../freeRTOS750/lib_time/asctime.c ****  * (c)2012 Michael Duane Rice All rights reserved.
   3:../freeRTOS750/lib_time/asctime.c ****  *
   4:../freeRTOS750/lib_time/asctime.c ****  * Redistribution and use in source and binary forms, with or without
   5:../freeRTOS750/lib_time/asctime.c ****  * modification, are permitted provided that the following conditions are
   6:../freeRTOS750/lib_time/asctime.c ****  * met:
   7:../freeRTOS750/lib_time/asctime.c ****  *
   8:../freeRTOS750/lib_time/asctime.c ****  * Redistributions of source code must retain the above copyright notice, this
   9:../freeRTOS750/lib_time/asctime.c ****  * list of conditions and the following disclaimer. Redistributions in binary
  10:../freeRTOS750/lib_time/asctime.c ****  * form must reproduce the above copyright notice, this list of conditions
  11:../freeRTOS750/lib_time/asctime.c ****  * and the following disclaimer in the documentation and/or other materials
  12:../freeRTOS750/lib_time/asctime.c ****  * provided with the distribution. Neither the name of the copyright holders
  13:../freeRTOS750/lib_time/asctime.c ****  * nor the names of contributors may be used to endorse or promote products
  14:../freeRTOS750/lib_time/asctime.c ****  * derived from this software without specific prior written permission.
  15:../freeRTOS750/lib_time/asctime.c ****  *
  16:../freeRTOS750/lib_time/asctime.c ****  * THIS SOFTWARE IS PROVIDED BY THE COPYRIGHT HOLDERS AND CONTRIBUTORS "AS IS"
  17:../freeRTOS750/lib_time/asctime.c ****  * AND ANY EXPRESS OR IMPLIED WARRANTIES, INCLUDING, BUT NOT LIMITED TO, THE
  18:../freeRTOS750/lib_time/asctime.c ****  * IMPLIED WARRANTIES OF MERCHANTABILITY AND FITNESS FOR A PARTICULAR PURPOSE
  19:../freeRTOS750/lib_time/asctime.c ****  * ARE DISCLAIMED. IN NO EVENT SHALL THE COPYRIGHT OWNER OR CONTRIBUTORS BE
  20:../freeRTOS750/lib_time/asctime.c ****  * LIABLE FOR ANY DIRECT, INDIRECT, INCIDENTAL, SPECIAL, EXEMPLARY, OR
  21:../freeRTOS750/lib_time/asctime.c ****  * CONSEQUENTIAL DAMAGES (INCLUDING, BUT NOT LIMITED TO, PROCUREMENT OF
  22:../freeRTOS750/lib_time/asctime.c ****  * SUBSTITUTE GOODS OR SERVICES; LOSS OF USE, DATA, OR PROFITS; OR BUSINESS
  23:../freeRTOS750/lib_time/asctime.c ****  * INTERRUPTION) HOWEVER CAUSED AND ON ANY THEORY OF LIABILITY, WHETHER IN
  24:../freeRTOS750/lib_time/asctime.c ****  * CONTRACT, STRICT LIABILITY, OR TORT (INCLUDING NEGLIGENCE OR OTHERWISE)
  25:../freeRTOS750/lib_time/asctime.c ****  * ARISING IN ANY WAY OUT OF THE USE OF THIS SOFTWARE, EVEN IF ADVISED OF THE
  26:../freeRTOS750/lib_time/asctime.c ****  * POSSIBILITY OF SUCH DAMAGE.
  27:../freeRTOS750/lib_time/asctime.c ****  */
  28:../freeRTOS750/lib_time/asctime.c **** 
  29:../freeRTOS750/lib_time/asctime.c **** /* $Id$ */
  30:../freeRTOS750/lib_time/asctime.c **** 
  31:../freeRTOS750/lib_time/asctime.c **** /*
  32:../freeRTOS750/lib_time/asctime.c **** 	Standard asctime(), we simply punt to the re-entrant version.
  33:../freeRTOS750/lib_time/asctime.c **** */
  34:../freeRTOS750/lib_time/asctime.c **** 
  35:../freeRTOS750/lib_time/asctime.c **** #include <time.h>
  36:../freeRTOS750/lib_time/asctime.c **** 
  37:../freeRTOS750/lib_time/asctime.c **** extern char    *__asc_store;
  38:../freeRTOS750/lib_time/asctime.c **** 
  39:../freeRTOS750/lib_time/asctime.c **** char           *
  40:../freeRTOS750/lib_time/asctime.c **** asctime(const struct tm * timeptr)
  41:../freeRTOS750/lib_time/asctime.c **** {
  87               	.LM0:
  88               	.LFBB1:
  89               	/* prologue: function */
  90               	/* frame size = 0 */
  91               	/* stack size = 0 */
  92               	.L__stack_usage = 0
  42:../freeRTOS750/lib_time/asctime.c **** 	asctime_r(timeptr, __asc_store);
  94               	.LM1:
  95 0000 6091 0000 		lds r22,__asc_store
  96 0004 7091 0000 		lds r23,__asc_store+1
  97 0008 0E94 0000 		call asctime_r
  43:../freeRTOS750/lib_time/asctime.c **** 	return __asc_store;
  44:../freeRTOS750/lib_time/asctime.c **** }
  99               	.LM2:
 100 000c 8091 0000 		lds r24,__asc_store
 101 0010 9091 0000 		lds r25,__asc_store+1
 102 0014 0895      		ret
 104               	.Lscope1:
 106               		.stabd	78,0,0
 108               	.Letext0:
 109               		.ident	"GCC: (GNU) 4.7.2"
DEFINED SYMBOLS
                            *ABS*:00000000 asctime.c
     /tmp/ccYsLJnZ.s:2      *ABS*:0000003e __SP_H__
     /tmp/ccYsLJnZ.s:3      *ABS*:0000003d __SP_L__
     /tmp/ccYsLJnZ.s:4      *ABS*:0000003f __SREG__
     /tmp/ccYsLJnZ.s:5      *ABS*:00000000 __tmp_reg__
     /tmp/ccYsLJnZ.s:6      *ABS*:00000001 __zero_reg__
     /tmp/ccYsLJnZ.s:84     .text:00000000 asctime

UNDEFINED SYMBOLS
__asc_store
asctime_r
