   1               		.file	"ctime.c"
   2               	__SP_H__ = 0x3e
   3               	__SP_L__ = 0x3d
   4               	__SREG__ = 0x3f
   5               	__tmp_reg__ = 0
   6               	__zero_reg__ = 1
   9               		.text
  10               	.Ltext0:
  82               	.global	ctime
  84               	ctime:
  85               		.stabd	46,0,0
   1:../freeRTOS750/lib_time/ctime.c **** /*
   2:../freeRTOS750/lib_time/ctime.c ****  * ©2012 Michael Duane Rice All rights reserved.
   3:../freeRTOS750/lib_time/ctime.c ****  *
   4:../freeRTOS750/lib_time/ctime.c ****  * Redistribution and use in source and binary forms, with or without
   5:../freeRTOS750/lib_time/ctime.c ****  * modification, are permitted provided that the following conditions are
   6:../freeRTOS750/lib_time/ctime.c ****  * met:
   7:../freeRTOS750/lib_time/ctime.c ****  *
   8:../freeRTOS750/lib_time/ctime.c ****  * Redistributions of source code must retain the above copyright notice, this
   9:../freeRTOS750/lib_time/ctime.c ****  * list of conditions and the following disclaimer. Redistributions in binary
  10:../freeRTOS750/lib_time/ctime.c ****  * form must reproduce the above copyright notice, this list of conditions
  11:../freeRTOS750/lib_time/ctime.c ****  * and the following disclaimer in the documentation and/or other materials
  12:../freeRTOS750/lib_time/ctime.c ****  * provided with the distribution. Neither the name of the copyright holders
  13:../freeRTOS750/lib_time/ctime.c ****  * nor the names of contributors may be used to endorse or promote products
  14:../freeRTOS750/lib_time/ctime.c ****  * derived from this software without specific prior written permission.
  15:../freeRTOS750/lib_time/ctime.c ****  *
  16:../freeRTOS750/lib_time/ctime.c ****  * THIS SOFTWARE IS PROVIDED BY THE COPYRIGHT HOLDERS AND CONTRIBUTORS "AS IS"
  17:../freeRTOS750/lib_time/ctime.c ****  * AND ANY EXPRESS OR IMPLIED WARRANTIES, INCLUDING, BUT NOT LIMITED TO, THE
  18:../freeRTOS750/lib_time/ctime.c ****  * IMPLIED WARRANTIES OF MERCHANTABILITY AND FITNESS FOR A PARTICULAR PURPOSE
  19:../freeRTOS750/lib_time/ctime.c ****  * ARE DISCLAIMED. IN NO EVENT SHALL THE COPYRIGHT OWNER OR CONTRIBUTORS BE
  20:../freeRTOS750/lib_time/ctime.c ****  * LIABLE FOR ANY DIRECT, INDIRECT, INCIDENTAL, SPECIAL, EXEMPLARY, OR
  21:../freeRTOS750/lib_time/ctime.c ****  * CONSEQUENTIAL DAMAGES (INCLUDING, BUT NOT LIMITED TO, PROCUREMENT OF
  22:../freeRTOS750/lib_time/ctime.c ****  * SUBSTITUTE GOODS OR SERVICES; LOSS OF USE, DATA, OR PROFITS; OR BUSINESS
  23:../freeRTOS750/lib_time/ctime.c ****  * INTERRUPTION) HOWEVER CAUSED AND ON ANY THEORY OF LIABILITY, WHETHER IN
  24:../freeRTOS750/lib_time/ctime.c ****  * CONTRACT, STRICT LIABILITY, OR TORT (INCLUDING NEGLIGENCE OR OTHERWISE)
  25:../freeRTOS750/lib_time/ctime.c ****  * ARISING IN ANY WAY OUT OF THE USE OF THIS SOFTWARE, EVEN IF ADVISED OF THE
  26:../freeRTOS750/lib_time/ctime.c ****  * POSSIBILITY OF SUCH DAMAGE.
  27:../freeRTOS750/lib_time/ctime.c ****  */
  28:../freeRTOS750/lib_time/ctime.c **** 
  29:../freeRTOS750/lib_time/ctime.c **** /* $Id$ */
  30:../freeRTOS750/lib_time/ctime.c **** 
  31:../freeRTOS750/lib_time/ctime.c **** /*
  32:../freeRTOS750/lib_time/ctime.c **** 	Standard ctime(). We have to break down the time stamp, print it into our
  33:../freeRTOS750/lib_time/ctime.c **** 	private buffer, and return the buffer.
  34:../freeRTOS750/lib_time/ctime.c **** */
  35:../freeRTOS750/lib_time/ctime.c **** #include <time.h>
  36:../freeRTOS750/lib_time/ctime.c **** 
  37:../freeRTOS750/lib_time/ctime.c **** extern char    *__asc_store;
  38:../freeRTOS750/lib_time/ctime.c **** 
  39:../freeRTOS750/lib_time/ctime.c **** char           *
  40:../freeRTOS750/lib_time/ctime.c **** ctime(const time_t * timeptr)
  41:../freeRTOS750/lib_time/ctime.c **** {
  87               	.LM0:
  88               	.LFBB1:
  89 0000 CF93      		push r28
  90 0002 DF93      		push r29
  91 0004 CDB7      		in r28,__SP_L__
  92 0006 DEB7      		in r29,__SP_H__
  93 0008 2C97      		sbiw r28,12
  94 000a 0FB6      		in __tmp_reg__,__SREG__
  95 000c F894      		cli
  96 000e DEBF      		out __SP_H__,r29
  97 0010 0FBE      		out __SREG__,__tmp_reg__
  98 0012 CDBF      		out __SP_L__,r28
  99               	/* prologue: function */
 100               	/* frame size = 12 */
 101               	/* stack size = 14 */
 102               	.L__stack_usage = 14
  42:../freeRTOS750/lib_time/ctime.c **** 	struct tm       calendar;
  43:../freeRTOS750/lib_time/ctime.c **** 
  44:../freeRTOS750/lib_time/ctime.c **** 	localtime_r(timeptr, &calendar);
 104               	.LM1:
 105 0014 BE01      		movw r22,r28
 106 0016 6F5F      		subi r22,-1
 107 0018 7F4F      		sbci r23,-1
 108 001a 0E94 0000 		call localtime_r
  45:../freeRTOS750/lib_time/ctime.c **** 	asctime_r(&calendar, __asc_store);
 110               	.LM2:
 111 001e 6091 0000 		lds r22,__asc_store
 112 0022 7091 0000 		lds r23,__asc_store+1
 113 0026 CE01      		movw r24,r28
 114 0028 0196      		adiw r24,1
 115 002a 0E94 0000 		call asctime_r
  46:../freeRTOS750/lib_time/ctime.c **** 	return __asc_store;
  47:../freeRTOS750/lib_time/ctime.c **** }
 117               	.LM3:
 118 002e 8091 0000 		lds r24,__asc_store
 119 0032 9091 0000 		lds r25,__asc_store+1
 120               	/* epilogue start */
 121 0036 2C96      		adiw r28,12
 122 0038 0FB6      		in __tmp_reg__,__SREG__
 123 003a F894      		cli
 124 003c DEBF      		out __SP_H__,r29
 125 003e 0FBE      		out __SREG__,__tmp_reg__
 126 0040 CDBF      		out __SP_L__,r28
 127 0042 DF91      		pop r29
 128 0044 CF91      		pop r28
 129 0046 0895      		ret
 134               	.Lscope1:
 136               		.stabd	78,0,0
 138               	.Letext0:
 139               		.ident	"GCC: (GNU) 4.7.2"
DEFINED SYMBOLS
                            *ABS*:00000000 ctime.c
     /tmp/cc6xWyT4.s:2      *ABS*:0000003e __SP_H__
     /tmp/cc6xWyT4.s:3      *ABS*:0000003d __SP_L__
     /tmp/cc6xWyT4.s:4      *ABS*:0000003f __SREG__
     /tmp/cc6xWyT4.s:5      *ABS*:00000000 __tmp_reg__
     /tmp/cc6xWyT4.s:6      *ABS*:00000001 __zero_reg__
     /tmp/cc6xWyT4.s:84     .text:00000000 ctime

UNDEFINED SYMBOLS
localtime_r
__asc_store
asctime_r
