   1               		.file	"ctime_r.c"
   2               	__SP_H__ = 0x3e
   3               	__SP_L__ = 0x3d
   4               	__SREG__ = 0x3f
   5               	__tmp_reg__ = 0
   6               	__zero_reg__ = 1
   9               		.text
  10               	.Ltext0:
  83               	.global	ctime_r
  85               	ctime_r:
  86               		.stabd	46,0,0
   1:../freeRTOS750/lib_time/ctime_r.c **** /*
   2:../freeRTOS750/lib_time/ctime_r.c ****  * (C)2012 Michael Duane Rice All rights reserved.
   3:../freeRTOS750/lib_time/ctime_r.c ****  *
   4:../freeRTOS750/lib_time/ctime_r.c ****  * Redistribution and use in source and binary forms, with or without
   5:../freeRTOS750/lib_time/ctime_r.c ****  * modification, are permitted provided that the following conditions are
   6:../freeRTOS750/lib_time/ctime_r.c ****  * met:
   7:../freeRTOS750/lib_time/ctime_r.c ****  *
   8:../freeRTOS750/lib_time/ctime_r.c ****  * Redistributions of source code must retain the above copyright notice, this
   9:../freeRTOS750/lib_time/ctime_r.c ****  * list of conditions and the following disclaimer. Redistributions in binary
  10:../freeRTOS750/lib_time/ctime_r.c ****  * form must reproduce the above copyright notice, this list of conditions
  11:../freeRTOS750/lib_time/ctime_r.c ****  * and the following disclaimer in the documentation and/or other materials
  12:../freeRTOS750/lib_time/ctime_r.c ****  * provided with the distribution. Neither the name of the copyright holders
  13:../freeRTOS750/lib_time/ctime_r.c ****  * nor the names of contributors may be used to endorse or promote products
  14:../freeRTOS750/lib_time/ctime_r.c ****  * derived from this software without specific prior written permission.
  15:../freeRTOS750/lib_time/ctime_r.c ****  *
  16:../freeRTOS750/lib_time/ctime_r.c ****  * THIS SOFTWARE IS PROVIDED BY THE COPYRIGHT HOLDERS AND CONTRIBUTORS "AS IS"
  17:../freeRTOS750/lib_time/ctime_r.c ****  * AND ANY EXPRESS OR IMPLIED WARRANTIES, INCLUDING, BUT NOT LIMITED TO, THE
  18:../freeRTOS750/lib_time/ctime_r.c ****  * IMPLIED WARRANTIES OF MERCHANTABILITY AND FITNESS FOR A PARTICULAR PURPOSE
  19:../freeRTOS750/lib_time/ctime_r.c ****  * ARE DISCLAIMED. IN NO EVENT SHALL THE COPYRIGHT OWNER OR CONTRIBUTORS BE
  20:../freeRTOS750/lib_time/ctime_r.c ****  * LIABLE FOR ANY DIRECT, INDIRECT, INCIDENTAL, SPECIAL, EXEMPLARY, OR
  21:../freeRTOS750/lib_time/ctime_r.c ****  * CONSEQUENTIAL DAMAGES (INCLUDING, BUT NOT LIMITED TO, PROCUREMENT OF
  22:../freeRTOS750/lib_time/ctime_r.c ****  * SUBSTITUTE GOODS OR SERVICES; LOSS OF USE, DATA, OR PROFITS; OR BUSINESS
  23:../freeRTOS750/lib_time/ctime_r.c ****  * INTERRUPTION) HOWEVER CAUSED AND ON ANY THEORY OF LIABILITY, WHETHER IN
  24:../freeRTOS750/lib_time/ctime_r.c ****  * CONTRACT, STRICT LIABILITY, OR TORT (INCLUDING NEGLIGENCE OR OTHERWISE)
  25:../freeRTOS750/lib_time/ctime_r.c ****  * ARISING IN ANY WAY OUT OF THE USE OF THIS SOFTWARE, EVEN IF ADVISED OF THE
  26:../freeRTOS750/lib_time/ctime_r.c ****  * POSSIBILITY OF SUCH DAMAGE.
  27:../freeRTOS750/lib_time/ctime_r.c ****  */
  28:../freeRTOS750/lib_time/ctime_r.c **** 
  29:../freeRTOS750/lib_time/ctime_r.c **** /* $Id$ */
  30:../freeRTOS750/lib_time/ctime_r.c **** 
  31:../freeRTOS750/lib_time/ctime_r.c **** /*
  32:../freeRTOS750/lib_time/ctime_r.c **** 	Re entrant version of ctime()
  33:../freeRTOS750/lib_time/ctime_r.c **** */
  34:../freeRTOS750/lib_time/ctime_r.c **** #include <time.h>
  35:../freeRTOS750/lib_time/ctime_r.c **** 
  36:../freeRTOS750/lib_time/ctime_r.c **** void
  37:../freeRTOS750/lib_time/ctime_r.c **** ctime_r(const time_t * timeptr, char *buffer)
  38:../freeRTOS750/lib_time/ctime_r.c **** {
  88               	.LM0:
  89               	.LFBB1:
  90 0000 0F93      		push r16
  91 0002 1F93      		push r17
  92 0004 CF93      		push r28
  93 0006 DF93      		push r29
  94 0008 CDB7      		in r28,__SP_L__
  95 000a DEB7      		in r29,__SP_H__
  96 000c 2C97      		sbiw r28,12
  97 000e 0FB6      		in __tmp_reg__,__SREG__
  98 0010 F894      		cli
  99 0012 DEBF      		out __SP_H__,r29
 100 0014 0FBE      		out __SREG__,__tmp_reg__
 101 0016 CDBF      		out __SP_L__,r28
 102               	/* prologue: function */
 103               	/* frame size = 12 */
 104               	/* stack size = 16 */
 105               	.L__stack_usage = 16
 106 0018 8B01      		movw r16,r22
  39:../freeRTOS750/lib_time/ctime_r.c **** 	struct tm       calendar;
  40:../freeRTOS750/lib_time/ctime_r.c **** 
  41:../freeRTOS750/lib_time/ctime_r.c **** 	localtime_r(timeptr, &calendar);
 108               	.LM1:
 109 001a BE01      		movw r22,r28
 110 001c 6F5F      		subi r22,-1
 111 001e 7F4F      		sbci r23,-1
 112 0020 0E94 0000 		call localtime_r
  42:../freeRTOS750/lib_time/ctime_r.c **** 	asctime_r(&calendar, buffer);
 114               	.LM2:
 115 0024 B801      		movw r22,r16
 116 0026 CE01      		movw r24,r28
 117 0028 0196      		adiw r24,1
 118 002a 0E94 0000 		call asctime_r
 119               	/* epilogue start */
  43:../freeRTOS750/lib_time/ctime_r.c **** }
 121               	.LM3:
 122 002e 2C96      		adiw r28,12
 123 0030 0FB6      		in __tmp_reg__,__SREG__
 124 0032 F894      		cli
 125 0034 DEBF      		out __SP_H__,r29
 126 0036 0FBE      		out __SREG__,__tmp_reg__
 127 0038 CDBF      		out __SP_L__,r28
 128 003a DF91      		pop r29
 129 003c CF91      		pop r28
 130 003e 1F91      		pop r17
 131 0040 0F91      		pop r16
 132 0042 0895      		ret
 137               	.Lscope1:
 139               		.stabd	78,0,0
 141               	.Letext0:
 142               		.ident	"GCC: (GNU) 4.7.2"
DEFINED SYMBOLS
                            *ABS*:00000000 ctime_r.c
     /tmp/cckceWK6.s:2      *ABS*:0000003e __SP_H__
     /tmp/cckceWK6.s:3      *ABS*:0000003d __SP_L__
     /tmp/cckceWK6.s:4      *ABS*:0000003f __SREG__
     /tmp/cckceWK6.s:5      *ABS*:00000000 __tmp_reg__
     /tmp/cckceWK6.s:6      *ABS*:00000001 __zero_reg__
     /tmp/cckceWK6.s:85     .text:00000000 ctime_r

UNDEFINED SYMBOLS
localtime_r
asctime_r
