   1               		.file	"gmtime.c"
   2               	__SP_H__ = 0x3e
   3               	__SP_L__ = 0x3d
   4               	__SREG__ = 0x3f
   5               	__tmp_reg__ = 0
   6               	__zero_reg__ = 1
   9               		.text
  10               	.Ltext0:
  82               	.global	gmtime
  84               	gmtime:
  85               		.stabd	46,0,0
   1:../freeRTOS750/lib_time/gmtime.c **** /*
   2:../freeRTOS750/lib_time/gmtime.c ****  * (C)2012 Michael Duane Rice All rights reserved.
   3:../freeRTOS750/lib_time/gmtime.c ****  *
   4:../freeRTOS750/lib_time/gmtime.c ****  * Redistribution and use in source and binary forms, with or without
   5:../freeRTOS750/lib_time/gmtime.c ****  * modification, are permitted provided that the following conditions are
   6:../freeRTOS750/lib_time/gmtime.c ****  * met:
   7:../freeRTOS750/lib_time/gmtime.c ****  *
   8:../freeRTOS750/lib_time/gmtime.c ****  * Redistributions of source code must retain the above copyright notice, this
   9:../freeRTOS750/lib_time/gmtime.c ****  * list of conditions and the following disclaimer. Redistributions in binary
  10:../freeRTOS750/lib_time/gmtime.c ****  * form must reproduce the above copyright notice, this list of conditions
  11:../freeRTOS750/lib_time/gmtime.c ****  * and the following disclaimer in the documentation and/or other materials
  12:../freeRTOS750/lib_time/gmtime.c ****  * provided with the distribution. Neither the name of the copyright holders
  13:../freeRTOS750/lib_time/gmtime.c ****  * nor the names of contributors may be used to endorse or promote products
  14:../freeRTOS750/lib_time/gmtime.c ****  * derived from this software without specific prior written permission.
  15:../freeRTOS750/lib_time/gmtime.c ****  *
  16:../freeRTOS750/lib_time/gmtime.c ****  * THIS SOFTWARE IS PROVIDED BY THE COPYRIGHT HOLDERS AND CONTRIBUTORS "AS IS"
  17:../freeRTOS750/lib_time/gmtime.c ****  * AND ANY EXPRESS OR IMPLIED WARRANTIES, INCLUDING, BUT NOT LIMITED TO, THE
  18:../freeRTOS750/lib_time/gmtime.c ****  * IMPLIED WARRANTIES OF MERCHANTABILITY AND FITNESS FOR A PARTICULAR PURPOSE
  19:../freeRTOS750/lib_time/gmtime.c ****  * ARE DISCLAIMED. IN NO EVENT SHALL THE COPYRIGHT OWNER OR CONTRIBUTORS BE
  20:../freeRTOS750/lib_time/gmtime.c ****  * LIABLE FOR ANY DIRECT, INDIRECT, INCIDENTAL, SPECIAL, EXEMPLARY, OR
  21:../freeRTOS750/lib_time/gmtime.c ****  * CONSEQUENTIAL DAMAGES (INCLUDING, BUT NOT LIMITED TO, PROCUREMENT OF
  22:../freeRTOS750/lib_time/gmtime.c ****  * SUBSTITUTE GOODS OR SERVICES; LOSS OF USE, DATA, OR PROFITS; OR BUSINESS
  23:../freeRTOS750/lib_time/gmtime.c ****  * INTERRUPTION) HOWEVER CAUSED AND ON ANY THEORY OF LIABILITY, WHETHER IN
  24:../freeRTOS750/lib_time/gmtime.c ****  * CONTRACT, STRICT LIABILITY, OR TORT (INCLUDING NEGLIGENCE OR OTHERWISE)
  25:../freeRTOS750/lib_time/gmtime.c ****  * ARISING IN ANY WAY OUT OF THE USE OF THIS SOFTWARE, EVEN IF ADVISED OF THE
  26:../freeRTOS750/lib_time/gmtime.c ****  * POSSIBILITY OF SUCH DAMAGE.
  27:../freeRTOS750/lib_time/gmtime.c ****  */
  28:../freeRTOS750/lib_time/gmtime.c **** 
  29:../freeRTOS750/lib_time/gmtime.c **** /* $Id$ */
  30:../freeRTOS750/lib_time/gmtime.c **** 
  31:../freeRTOS750/lib_time/gmtime.c **** /*
  32:../freeRTOS750/lib_time/gmtime.c **** 	Standard gmtime(). We convert binary time into calendar time in our private struct tm object,
  33:../freeRTOS750/lib_time/gmtime.c **** 	returning that object.
  34:../freeRTOS750/lib_time/gmtime.c **** */
  35:../freeRTOS750/lib_time/gmtime.c **** 
  36:../freeRTOS750/lib_time/gmtime.c **** #include <time.h>
  37:../freeRTOS750/lib_time/gmtime.c **** 
  38:../freeRTOS750/lib_time/gmtime.c **** extern struct tm __tm_store;
  39:../freeRTOS750/lib_time/gmtime.c **** 
  40:../freeRTOS750/lib_time/gmtime.c **** struct tm      *
  41:../freeRTOS750/lib_time/gmtime.c **** gmtime(const time_t * timeptr)
  42:../freeRTOS750/lib_time/gmtime.c **** {
  87               	.LM0:
  88               	.LFBB1:
  89               	/* prologue: function */
  90               	/* frame size = 0 */
  91               	/* stack size = 0 */
  92               	.L__stack_usage = 0
  43:../freeRTOS750/lib_time/gmtime.c **** 	gmtime_r(timeptr, &__tm_store);
  94               	.LM1:
  95 0000 60E0      		ldi r22,lo8(__tm_store)
  96 0002 70E0      		ldi r23,hi8(__tm_store)
  97 0004 0E94 0000 		call gmtime_r
  44:../freeRTOS750/lib_time/gmtime.c **** 	return &__tm_store;
  45:../freeRTOS750/lib_time/gmtime.c **** }
  99               	.LM2:
 100 0008 80E0      		ldi r24,lo8(__tm_store)
 101 000a 90E0      		ldi r25,hi8(__tm_store)
 102 000c 0895      		ret
 104               	.Lscope1:
 106               		.stabd	78,0,0
 108               	.Letext0:
 109               		.ident	"GCC: (GNU) 4.7.2"
DEFINED SYMBOLS
                            *ABS*:00000000 gmtime.c
     /tmp/ccnKq0Dr.s:2      *ABS*:0000003e __SP_H__
     /tmp/ccnKq0Dr.s:3      *ABS*:0000003d __SP_L__
     /tmp/ccnKq0Dr.s:4      *ABS*:0000003f __SREG__
     /tmp/ccnKq0Dr.s:5      *ABS*:00000000 __tmp_reg__
     /tmp/ccnKq0Dr.s:6      *ABS*:00000001 __zero_reg__
     /tmp/ccnKq0Dr.s:84     .text:00000000 gmtime

UNDEFINED SYMBOLS
__tm_store
gmtime_r
