   1               		.file	"iso_week_date.c"
   2               	__SP_H__ = 0x3e
   3               	__SP_L__ = 0x3d
   4               	__SREG__ = 0x3f
   5               	__tmp_reg__ = 0
   6               	__zero_reg__ = 1
   9               		.text
  10               	.Ltext0:
  83               	.global	iso_week_date
  85               	iso_week_date:
  86               		.stabd	46,0,0
   1:../freeRTOS750/lib_time/iso_week_date.c **** /*
   2:../freeRTOS750/lib_time/iso_week_date.c ****  * (c)2012 Michael Duane Rice All rights reserved.
   3:../freeRTOS750/lib_time/iso_week_date.c ****  *
   4:../freeRTOS750/lib_time/iso_week_date.c ****  * Redistribution and use in source and binary forms, with or without
   5:../freeRTOS750/lib_time/iso_week_date.c ****  * modification, are permitted provided that the following conditions are
   6:../freeRTOS750/lib_time/iso_week_date.c ****  * met:
   7:../freeRTOS750/lib_time/iso_week_date.c ****  *
   8:../freeRTOS750/lib_time/iso_week_date.c ****  * Redistributions of source code must retain the above copyright notice, this
   9:../freeRTOS750/lib_time/iso_week_date.c ****  * list of conditions and the following disclaimer. Redistributions in binary
  10:../freeRTOS750/lib_time/iso_week_date.c ****  * form must reproduce the above copyright notice, this list of conditions
  11:../freeRTOS750/lib_time/iso_week_date.c ****  * and the following disclaimer in the documentation and/or other materials
  12:../freeRTOS750/lib_time/iso_week_date.c ****  * provided with the distribution. Neither the name of the copyright holders
  13:../freeRTOS750/lib_time/iso_week_date.c ****  * nor the names of contributors may be used to endorse or promote products
  14:../freeRTOS750/lib_time/iso_week_date.c ****  * derived from this software without specific prior written permission.
  15:../freeRTOS750/lib_time/iso_week_date.c ****  *
  16:../freeRTOS750/lib_time/iso_week_date.c ****  * THIS SOFTWARE IS PROVIDED BY THE COPYRIGHT HOLDERS AND CONTRIBUTORS "AS IS"
  17:../freeRTOS750/lib_time/iso_week_date.c ****  * AND ANY EXPRESS OR IMPLIED WARRANTIES, INCLUDING, BUT NOT LIMITED TO, THE
  18:../freeRTOS750/lib_time/iso_week_date.c ****  * IMPLIED WARRANTIES OF MERCHANTABILITY AND FITNESS FOR A PARTICULAR PURPOSE
  19:../freeRTOS750/lib_time/iso_week_date.c ****  * ARE DISCLAIMED. IN NO EVENT SHALL THE COPYRIGHT OWNER OR CONTRIBUTORS BE
  20:../freeRTOS750/lib_time/iso_week_date.c ****  * LIABLE FOR ANY DIRECT, INDIRECT, INCIDENTAL, SPECIAL, EXEMPLARY, OR
  21:../freeRTOS750/lib_time/iso_week_date.c ****  * CONSEQUENTIAL DAMAGES (INCLUDING, BUT NOT LIMITED TO, PROCUREMENT OF
  22:../freeRTOS750/lib_time/iso_week_date.c ****  * SUBSTITUTE GOODS OR SERVICES; LOSS OF USE, DATA, OR PROFITS; OR BUSINESS
  23:../freeRTOS750/lib_time/iso_week_date.c ****  * INTERRUPTION) HOWEVER CAUSED AND ON ANY THEORY OF LIABILITY, WHETHER IN
  24:../freeRTOS750/lib_time/iso_week_date.c ****  * CONTRACT, STRICT LIABILITY, OR TORT (INCLUDING NEGLIGENCE OR OTHERWISE)
  25:../freeRTOS750/lib_time/iso_week_date.c ****  * ARISING IN ANY WAY OUT OF THE USE OF THIS SOFTWARE, EVEN IF ADVISED OF THE
  26:../freeRTOS750/lib_time/iso_week_date.c ****  * POSSIBILITY OF SUCH DAMAGE.
  27:../freeRTOS750/lib_time/iso_week_date.c ****  */
  28:../freeRTOS750/lib_time/iso_week_date.c **** 
  29:../freeRTOS750/lib_time/iso_week_date.c **** /* $Id$ */
  30:../freeRTOS750/lib_time/iso_week_date.c **** 
  31:../freeRTOS750/lib_time/iso_week_date.c **** /*
  32:../freeRTOS750/lib_time/iso_week_date.c ****     Compute the ISO 8601 week date corresponding to the given year and day of year.
  33:../freeRTOS750/lib_time/iso_week_date.c ****     See http://en.wikipedia.org/wiki/ISO_week_date for a full description.
  34:../freeRTOS750/lib_time/iso_week_date.c **** 
  35:../freeRTOS750/lib_time/iso_week_date.c ****     See iso_week_date_r.c for implementation details.
  36:../freeRTOS750/lib_time/iso_week_date.c **** 
  37:../freeRTOS750/lib_time/iso_week_date.c **** */
  38:../freeRTOS750/lib_time/iso_week_date.c **** 
  39:../freeRTOS750/lib_time/iso_week_date.c **** #include <time.h>
  40:../freeRTOS750/lib_time/iso_week_date.c **** 
  41:../freeRTOS750/lib_time/iso_week_date.c **** extern char    *__asc_store;
  42:../freeRTOS750/lib_time/iso_week_date.c **** 
  43:../freeRTOS750/lib_time/iso_week_date.c **** struct week_date *
  44:../freeRTOS750/lib_time/iso_week_date.c **** iso_week_date(int y, int yday)
  45:../freeRTOS750/lib_time/iso_week_date.c **** {
  88               	.LM0:
  89               	.LFBB1:
  90 0000 CF93      		push r28
  91 0002 DF93      		push r29
  92               	/* prologue: function */
  93               	/* frame size = 0 */
  94               	/* stack size = 2 */
  95               	.L__stack_usage = 2
  46:../freeRTOS750/lib_time/iso_week_date.c ****     struct week_date *iso;
  47:../freeRTOS750/lib_time/iso_week_date.c **** 
  48:../freeRTOS750/lib_time/iso_week_date.c ****     iso = (struct week_date *) __asc_store;
  97               	.LM1:
  98 0004 D091 0000 		lds r29,__asc_store
  99 0008 C091 0000 		lds r28,__asc_store+1
  49:../freeRTOS750/lib_time/iso_week_date.c ****     iso_week_date_r(y, yday, iso);
 101               	.LM2:
 102 000c 4D2F      		mov r20,r29
 103 000e 5C2F      		mov r21,r28
 104 0010 0E94 0000 		call iso_week_date_r
  50:../freeRTOS750/lib_time/iso_week_date.c ****     return iso;
  51:../freeRTOS750/lib_time/iso_week_date.c **** }
 106               	.LM3:
 107 0014 8D2F      		mov r24,r29
 108 0016 9C2F      		mov r25,r28
 109               	/* epilogue start */
 110 0018 DF91      		pop r29
 111 001a CF91      		pop r28
 112 001c 0895      		ret
 114               	.Lscope1:
 116               		.stabd	78,0,0
 118               	.Letext0:
 119               		.ident	"GCC: (GNU) 4.7.2"
DEFINED SYMBOLS
                            *ABS*:00000000 iso_week_date.c
     /tmp/ccIyYUUr.s:2      *ABS*:0000003e __SP_H__
     /tmp/ccIyYUUr.s:3      *ABS*:0000003d __SP_L__
     /tmp/ccIyYUUr.s:4      *ABS*:0000003f __SREG__
     /tmp/ccIyYUUr.s:5      *ABS*:00000000 __tmp_reg__
     /tmp/ccIyYUUr.s:6      *ABS*:00000001 __zero_reg__
     /tmp/ccIyYUUr.s:85     .text:00000000 iso_week_date

UNDEFINED SYMBOLS
__asc_store
iso_week_date_r
