   1               		.file	"lm_sidereal.c"
   2               	__SP_H__ = 0x3e
   3               	__SP_L__ = 0x3d
   4               	__SREG__ = 0x3f
   5               	__tmp_reg__ = 0
   6               	__zero_reg__ = 1
   9               		.text
  10               	.Ltext0:
  82               	.global	lm_sidereal
  84               	lm_sidereal:
  85               		.stabd	46,0,0
   1:../freeRTOS750/lib_time/lm_sidereal.c **** /*
   2:../freeRTOS750/lib_time/lm_sidereal.c ****  * (C)2012 Michael Duane Rice All rights reserved.
   3:../freeRTOS750/lib_time/lm_sidereal.c ****  *
   4:../freeRTOS750/lib_time/lm_sidereal.c ****  * Redistribution and use in source and binary forms, with or without
   5:../freeRTOS750/lib_time/lm_sidereal.c ****  * modification, are permitted provided that the following conditions are
   6:../freeRTOS750/lib_time/lm_sidereal.c ****  * met:
   7:../freeRTOS750/lib_time/lm_sidereal.c ****  *
   8:../freeRTOS750/lib_time/lm_sidereal.c ****  * Redistributions of source code must retain the above copyright notice, this
   9:../freeRTOS750/lib_time/lm_sidereal.c ****  * list of conditions and the following disclaimer. Redistributions in binary
  10:../freeRTOS750/lib_time/lm_sidereal.c ****  * form must reproduce the above copyright notice, this list of conditions
  11:../freeRTOS750/lib_time/lm_sidereal.c ****  * and the following disclaimer in the documentation and/or other materials
  12:../freeRTOS750/lib_time/lm_sidereal.c ****  * provided with the distribution. Neither the name of the copyright holders
  13:../freeRTOS750/lib_time/lm_sidereal.c ****  * nor the names of contributors may be used to endorse or promote products
  14:../freeRTOS750/lib_time/lm_sidereal.c ****  * derived from this software without specific prior written permission.
  15:../freeRTOS750/lib_time/lm_sidereal.c ****  *
  16:../freeRTOS750/lib_time/lm_sidereal.c ****  * THIS SOFTWARE IS PROVIDED BY THE COPYRIGHT HOLDERS AND CONTRIBUTORS "AS IS"
  17:../freeRTOS750/lib_time/lm_sidereal.c ****  * AND ANY EXPRESS OR IMPLIED WARRANTIES, INCLUDING, BUT NOT LIMITED TO, THE
  18:../freeRTOS750/lib_time/lm_sidereal.c ****  * IMPLIED WARRANTIES OF MERCHANTABILITY AND FITNESS FOR A PARTICULAR PURPOSE
  19:../freeRTOS750/lib_time/lm_sidereal.c ****  * ARE DISCLAIMED. IN NO EVENT SHALL THE COPYRIGHT OWNER OR CONTRIBUTORS BE
  20:../freeRTOS750/lib_time/lm_sidereal.c ****  * LIABLE FOR ANY DIRECT, INDIRECT, INCIDENTAL, SPECIAL, EXEMPLARY, OR
  21:../freeRTOS750/lib_time/lm_sidereal.c ****  * CONSEQUENTIAL DAMAGES (INCLUDING, BUT NOT LIMITED TO, PROCUREMENT OF
  22:../freeRTOS750/lib_time/lm_sidereal.c ****  * SUBSTITUTE GOODS OR SERVICES; LOSS OF USE, DATA, OR PROFITS; OR BUSINESS
  23:../freeRTOS750/lib_time/lm_sidereal.c ****  * INTERRUPTION) HOWEVER CAUSED AND ON ANY THEORY OF LIABILITY, WHETHER IN
  24:../freeRTOS750/lib_time/lm_sidereal.c ****  * CONTRACT, STRICT LIABILITY, OR TORT (INCLUDING NEGLIGENCE OR OTHERWISE)
  25:../freeRTOS750/lib_time/lm_sidereal.c ****  * ARISING IN ANY WAY OUT OF THE USE OF THIS SOFTWARE, EVEN IF ADVISED OF THE
  26:../freeRTOS750/lib_time/lm_sidereal.c ****  * POSSIBILITY OF SUCH DAMAGE.
  27:../freeRTOS750/lib_time/lm_sidereal.c ****  */
  28:../freeRTOS750/lib_time/lm_sidereal.c **** 
  29:../freeRTOS750/lib_time/lm_sidereal.c **** /* $Id$ */
  30:../freeRTOS750/lib_time/lm_sidereal.c **** 
  31:../freeRTOS750/lib_time/lm_sidereal.c **** /*
  32:../freeRTOS750/lib_time/lm_sidereal.c ****     Local Mean Sidereal Time. See gm_sidereal() for info.
  33:../freeRTOS750/lib_time/lm_sidereal.c **** */
  34:../freeRTOS750/lib_time/lm_sidereal.c **** #include <time.h>
  35:../freeRTOS750/lib_time/lm_sidereal.c **** 
  36:../freeRTOS750/lib_time/lm_sidereal.c **** extern long     __longitude;
  37:../freeRTOS750/lib_time/lm_sidereal.c **** 
  38:../freeRTOS750/lib_time/lm_sidereal.c **** unsigned long
  39:../freeRTOS750/lib_time/lm_sidereal.c **** lm_sidereal(const time_t * timer)
  40:../freeRTOS750/lib_time/lm_sidereal.c **** {
  87               	.LM0:
  88               	.LFBB1:
  89 0000 CF92      		push r12
  90 0002 DF92      		push r13
  91 0004 EF92      		push r14
  92 0006 FF92      		push r15
  93               	/* prologue: function */
  94               	/* frame size = 0 */
  95               	/* stack size = 4 */
  96               	.L__stack_usage = 4
  41:../freeRTOS750/lib_time/lm_sidereal.c ****     long            n;
  42:../freeRTOS750/lib_time/lm_sidereal.c **** 
  43:../freeRTOS750/lib_time/lm_sidereal.c ****     n = gm_sidereal(timer) + __longitude / 15L;
  98               	.LM1:
  99 0008 0E94 0000 		call gm_sidereal
 100 000c 6B01      		movw r12,r22
 101 000e 7C01      		movw r14,r24
 102 0010 6091 0000 		lds r22,__longitude
 103 0014 7091 0000 		lds r23,__longitude+1
 104 0018 8091 0000 		lds r24,__longitude+2
 105 001c 9091 0000 		lds r25,__longitude+3
 106 0020 2FE0      		ldi r18,lo8(15)
 107 0022 30E0      		ldi r19,0
 108 0024 40E0      		ldi r20,0
 109 0026 50E0      		ldi r21,0
 110 0028 0E94 0000 		call __divmodsi4
 111 002c C20E      		add r12,r18
 112 002e D31E      		adc r13,r19
 113 0030 E41E      		adc r14,r20
 114 0032 F51E      		adc r15,r21
  44:../freeRTOS750/lib_time/lm_sidereal.c ****     n += ONE_DAY;
 116               	.LM2:
 117 0034 80E8      		ldi r24,-128
 118 0036 C80E      		add r12,r24
 119 0038 81E5      		ldi r24,81
 120 003a D81E      		adc r13,r24
 121 003c 81E0      		ldi r24,1
 122 003e E81E      		adc r14,r24
 123 0040 F11C      		adc r15,__zero_reg__
  45:../freeRTOS750/lib_time/lm_sidereal.c ****     n %= ONE_DAY;
 125               	.LM3:
 126 0042 C701      		movw r24,r14
 127 0044 B601      		movw r22,r12
 128 0046 20E8      		ldi r18,lo8(-128)
 129 0048 31E5      		ldi r19,lo8(81)
 130 004a 41E0      		ldi r20,lo8(1)
 131 004c 50E0      		ldi r21,0
 132 004e 0E94 0000 		call __divmodsi4
 133               	/* epilogue start */
  46:../freeRTOS750/lib_time/lm_sidereal.c ****     return n;
  47:../freeRTOS750/lib_time/lm_sidereal.c **** }
 135               	.LM4:
 136 0052 FF90      		pop r15
 137 0054 EF90      		pop r14
 138 0056 DF90      		pop r13
 139 0058 CF90      		pop r12
 140 005a 0895      		ret
 142               	.Lscope1:
 144               		.stabd	78,0,0
 146               	.Letext0:
 147               		.ident	"GCC: (GNU) 4.7.2"
DEFINED SYMBOLS
                            *ABS*:00000000 lm_sidereal.c
     /tmp/ccnKMQCx.s:2      *ABS*:0000003e __SP_H__
     /tmp/ccnKMQCx.s:3      *ABS*:0000003d __SP_L__
     /tmp/ccnKMQCx.s:4      *ABS*:0000003f __SREG__
     /tmp/ccnKMQCx.s:5      *ABS*:00000000 __tmp_reg__
     /tmp/ccnKMQCx.s:6      *ABS*:00000001 __zero_reg__
     /tmp/ccnKMQCx.s:84     .text:00000000 lm_sidereal

UNDEFINED SYMBOLS
gm_sidereal
__longitude
__divmodsi4
