   1               		.file	"month_length.c"
   2               	__SP_H__ = 0x3e
   3               	__SP_L__ = 0x3d
   4               	__SREG__ = 0x3f
   5               	__tmp_reg__ = 0
   6               	__zero_reg__ = 1
   9               		.text
  10               	.Ltext0:
  83               	.global	month_length
  85               	month_length:
  86               		.stabd	46,0,0
   1:../freeRTOS750/lib_time/month_length.c **** /*
   2:../freeRTOS750/lib_time/month_length.c ****  * (C)2012 Michael Duane Rice All rights reserved.
   3:../freeRTOS750/lib_time/month_length.c ****  *
   4:../freeRTOS750/lib_time/month_length.c ****  * Redistribution and use in source and binary forms, with or without
   5:../freeRTOS750/lib_time/month_length.c ****  * modification, are permitted provided that the following conditions are
   6:../freeRTOS750/lib_time/month_length.c ****  * met:
   7:../freeRTOS750/lib_time/month_length.c ****  *
   8:../freeRTOS750/lib_time/month_length.c ****  * Redistributions of source code must retain the above copyright notice, this
   9:../freeRTOS750/lib_time/month_length.c ****  * list of conditions and the following disclaimer. Redistributions in binary
  10:../freeRTOS750/lib_time/month_length.c ****  * form must reproduce the above copyright notice, this list of conditions
  11:../freeRTOS750/lib_time/month_length.c ****  * and the following disclaimer in the documentation and/or other materials
  12:../freeRTOS750/lib_time/month_length.c ****  * provided with the distribution. Neither the name of the copyright holders
  13:../freeRTOS750/lib_time/month_length.c ****  * nor the names of contributors may be used to endorse or promote products
  14:../freeRTOS750/lib_time/month_length.c ****  * derived from this software without specific prior written permission.
  15:../freeRTOS750/lib_time/month_length.c ****  *
  16:../freeRTOS750/lib_time/month_length.c ****  * THIS SOFTWARE IS PROVIDED BY THE COPYRIGHT HOLDERS AND CONTRIBUTORS "AS IS"
  17:../freeRTOS750/lib_time/month_length.c ****  * AND ANY EXPRESS OR IMPLIED WARRANTIES, INCLUDING, BUT NOT LIMITED TO, THE
  18:../freeRTOS750/lib_time/month_length.c ****  * IMPLIED WARRANTIES OF MERCHANTABILITY AND FITNESS FOR A PARTICULAR PURPOSE
  19:../freeRTOS750/lib_time/month_length.c ****  * ARE DISCLAIMED. IN NO EVENT SHALL THE COPYRIGHT OWNER OR CONTRIBUTORS BE
  20:../freeRTOS750/lib_time/month_length.c ****  * LIABLE FOR ANY DIRECT, INDIRECT, INCIDENTAL, SPECIAL, EXEMPLARY, OR
  21:../freeRTOS750/lib_time/month_length.c ****  * CONSEQUENTIAL DAMAGES (INCLUDING, BUT NOT LIMITED TO, PROCUREMENT OF
  22:../freeRTOS750/lib_time/month_length.c ****  * SUBSTITUTE GOODS OR SERVICES; LOSS OF USE, DATA, OR PROFITS; OR BUSINESS
  23:../freeRTOS750/lib_time/month_length.c ****  * INTERRUPTION) HOWEVER CAUSED AND ON ANY THEORY OF LIABILITY, WHETHER IN
  24:../freeRTOS750/lib_time/month_length.c ****  * CONTRACT, STRICT LIABILITY, OR TORT (INCLUDING NEGLIGENCE OR OTHERWISE)
  25:../freeRTOS750/lib_time/month_length.c ****  * ARISING IN ANY WAY OUT OF THE USE OF THIS SOFTWARE, EVEN IF ADVISED OF THE
  26:../freeRTOS750/lib_time/month_length.c ****  * POSSIBILITY OF SUCH DAMAGE.
  27:../freeRTOS750/lib_time/month_length.c ****  */
  28:../freeRTOS750/lib_time/month_length.c **** 
  29:../freeRTOS750/lib_time/month_length.c **** /* $Id$ */
  30:../freeRTOS750/lib_time/month_length.c **** 
  31:../freeRTOS750/lib_time/month_length.c **** /*
  32:../freeRTOS750/lib_time/month_length.c ****     Return the length of a month in days, given the year and month in question.
  33:../freeRTOS750/lib_time/month_length.c ****     The month parameter must be '1 based', ranging from 1 to 12.
  34:../freeRTOS750/lib_time/month_length.c **** */
  35:../freeRTOS750/lib_time/month_length.c **** 
  36:../freeRTOS750/lib_time/month_length.c **** #include <time.h>
  37:../freeRTOS750/lib_time/month_length.c **** 
  38:../freeRTOS750/lib_time/month_length.c **** uint8_t
  39:../freeRTOS750/lib_time/month_length.c **** month_length(int year, uint8_t month)
  40:../freeRTOS750/lib_time/month_length.c **** {
  88               	.LM0:
  89               	.LFBB1:
  90               	/* prologue: function */
  91               	/* frame size = 0 */
  92               	/* stack size = 0 */
  93               	.L__stack_usage = 0
  41:../freeRTOS750/lib_time/month_length.c ****     if (month == 2)
  95               	.LM1:
  96 0000 6230      		cpi r22,lo8(2)
  97 0002 01F4      		brne .L2
  42:../freeRTOS750/lib_time/month_length.c ****         return 28 + is_leap_year(year);
  99               	.LM2:
 100 0004 0E94 0000 		call is_leap_year
 101 0008 845E      		subi r24,lo8(-(28))
 102 000a 0895      		ret
 103               	.L2:
  43:../freeRTOS750/lib_time/month_length.c **** 
  44:../freeRTOS750/lib_time/month_length.c ****     /* 'knuckles' algorithm */
  45:../freeRTOS750/lib_time/month_length.c ****     if (month > 7)
 105               	.LM3:
 106 000c 6830      		cpi r22,lo8(8)
 107 000e 00F0      		brlo .L4
  46:../freeRTOS750/lib_time/month_length.c ****         month++;
 109               	.LM4:
 110 0010 6F5F      		subi r22,lo8(-(1))
 111               	.L4:
  47:../freeRTOS750/lib_time/month_length.c ****     return 30 + (month & 1);
 113               	.LM5:
 114 0012 862F      		mov r24,r22
 115 0014 8170      		andi r24,lo8(1)
 116 0016 825E      		subi r24,lo8(-(30))
  48:../freeRTOS750/lib_time/month_length.c **** }
 118               	.LM6:
 119 0018 0895      		ret
 121               	.Lscope1:
 123               		.stabd	78,0,0
 125               	.Letext0:
 126               		.ident	"GCC: (GNU) 4.7.2"
DEFINED SYMBOLS
                            *ABS*:00000000 month_length.c
     /tmp/cciorVSI.s:2      *ABS*:0000003e __SP_H__
     /tmp/cciorVSI.s:3      *ABS*:0000003d __SP_L__
     /tmp/cciorVSI.s:4      *ABS*:0000003f __SREG__
     /tmp/cciorVSI.s:5      *ABS*:00000000 __tmp_reg__
     /tmp/cciorVSI.s:6      *ABS*:00000001 __zero_reg__
     /tmp/cciorVSI.s:85     .text:00000000 month_length

UNDEFINED SYMBOLS
is_leap_year
