   1               		.file	"sun_set.c"
   2               	__SP_H__ = 0x3e
   3               	__SP_L__ = 0x3d
   4               	__SREG__ = 0x3f
   5               	__tmp_reg__ = 0
   6               	__zero_reg__ = 1
   9               		.text
  10               	.Ltext0:
  82               	.global	sun_set
  84               	sun_set:
  85               		.stabd	46,0,0
   1:../freeRTOS750/lib_time/sun_set.c **** /*
   2:../freeRTOS750/lib_time/sun_set.c ****  * (c)2012 Michael Duane Rice All rights reserved.
   3:../freeRTOS750/lib_time/sun_set.c ****  *
   4:../freeRTOS750/lib_time/sun_set.c ****  * Redistribution and use in source and binary forms, with or without
   5:../freeRTOS750/lib_time/sun_set.c ****  * modification, are permitted provided that the following conditions are
   6:../freeRTOS750/lib_time/sun_set.c ****  * met:
   7:../freeRTOS750/lib_time/sun_set.c ****  *
   8:../freeRTOS750/lib_time/sun_set.c ****  * Redistributions of source code must retain the above copyright notice, this
   9:../freeRTOS750/lib_time/sun_set.c ****  * list of conditions and the following disclaimer. Redistributions in binary
  10:../freeRTOS750/lib_time/sun_set.c ****  * form must reproduce the above copyright notice, this list of conditions
  11:../freeRTOS750/lib_time/sun_set.c ****  * and the following disclaimer in the documentation and/or other materials
  12:../freeRTOS750/lib_time/sun_set.c ****  * provided with the distribution. Neither the name of the copyright holders
  13:../freeRTOS750/lib_time/sun_set.c ****  * nor the names of contributors may be used to endorse or promote products
  14:../freeRTOS750/lib_time/sun_set.c ****  * derived from this software without specific prior written permission.
  15:../freeRTOS750/lib_time/sun_set.c ****  *
  16:../freeRTOS750/lib_time/sun_set.c ****  * THIS SOFTWARE IS PROVIDED BY THE COPYRIGHT HOLDERS AND CONTRIBUTORS "AS IS"
  17:../freeRTOS750/lib_time/sun_set.c ****  * AND ANY EXPRESS OR IMPLIED WARRANTIES, INCLUDING, BUT NOT LIMITED TO, THE
  18:../freeRTOS750/lib_time/sun_set.c ****  * IMPLIED WARRANTIES OF MERCHANTABILITY AND FITNESS FOR A PARTICULAR PURPOSE
  19:../freeRTOS750/lib_time/sun_set.c ****  * ARE DISCLAIMED. IN NO EVENT SHALL THE COPYRIGHT OWNER OR CONTRIBUTORS BE
  20:../freeRTOS750/lib_time/sun_set.c ****  * LIABLE FOR ANY DIRECT, INDIRECT, INCIDENTAL, SPECIAL, EXEMPLARY, OR
  21:../freeRTOS750/lib_time/sun_set.c ****  * CONSEQUENTIAL DAMAGES (INCLUDING, BUT NOT LIMITED TO, PROCUREMENT OF
  22:../freeRTOS750/lib_time/sun_set.c ****  * SUBSTITUTE GOODS OR SERVICES; LOSS OF USE, DATA, OR PROFITS; OR BUSINESS
  23:../freeRTOS750/lib_time/sun_set.c ****  * INTERRUPTION) HOWEVER CAUSED AND ON ANY THEORY OF LIABILITY, WHETHER IN
  24:../freeRTOS750/lib_time/sun_set.c ****  * CONTRACT, STRICT LIABILITY, OR TORT (INCLUDING NEGLIGENCE OR OTHERWISE)
  25:../freeRTOS750/lib_time/sun_set.c ****  * ARISING IN ANY WAY OUT OF THE USE OF THIS SOFTWARE, EVEN IF ADVISED OF THE
  26:../freeRTOS750/lib_time/sun_set.c ****  * POSSIBILITY OF SUCH DAMAGE.
  27:../freeRTOS750/lib_time/sun_set.c ****  */
  28:../freeRTOS750/lib_time/sun_set.c **** 
  29:../freeRTOS750/lib_time/sun_set.c **** /* $Id$ */
  30:../freeRTOS750/lib_time/sun_set.c **** 
  31:../freeRTOS750/lib_time/sun_set.c **** /*
  32:../freeRTOS750/lib_time/sun_set.c ****     Return the approximate time of sun set.
  33:../freeRTOS750/lib_time/sun_set.c **** */
  34:../freeRTOS750/lib_time/sun_set.c **** 
  35:../freeRTOS750/lib_time/sun_set.c **** #include <time.h>
  36:../freeRTOS750/lib_time/sun_set.c **** 
  37:../freeRTOS750/lib_time/sun_set.c **** time_t
  38:../freeRTOS750/lib_time/sun_set.c **** sun_set(const time_t * timer)
  39:../freeRTOS750/lib_time/sun_set.c **** {
  87               	.LM0:
  88               	.LFBB1:
  89 0000 CF92      		push r12
  90 0002 DF92      		push r13
  91 0004 EF92      		push r14
  92 0006 FF92      		push r15
  93 0008 CF93      		push r28
  94 000a DF93      		push r29
  95               	/* prologue: function */
  96               	/* frame size = 0 */
  97               	/* stack size = 6 */
  98               	.L__stack_usage = 6
  99 000c EC01      		movw r28,r24
  40:../freeRTOS750/lib_time/sun_set.c ****     long            n;
  41:../freeRTOS750/lib_time/sun_set.c ****     time_t          t;
  42:../freeRTOS750/lib_time/sun_set.c **** 
  43:../freeRTOS750/lib_time/sun_set.c ****     /* sunset is 1/2 'day' after solar noon */
  44:../freeRTOS750/lib_time/sun_set.c ****     t = solar_noon(timer);
 101               	.LM1:
 102 000e 0E94 0000 		call solar_noon
 103 0012 6B01      		movw r12,r22
 104 0014 7C01      		movw r14,r24
  45:../freeRTOS750/lib_time/sun_set.c ****     n = daylight_seconds(timer) / 2L;
 106               	.LM2:
 107 0016 CE01      		movw r24,r28
 108 0018 0E94 0000 		call daylight_seconds
 109 001c 22E0      		ldi r18,lo8(2)
 110 001e 30E0      		ldi r19,0
 111 0020 40E0      		ldi r20,0
 112 0022 50E0      		ldi r21,0
 113 0024 0E94 0000 		call __divmodsi4
  46:../freeRTOS750/lib_time/sun_set.c ****     t += n;
 115               	.LM3:
 116 0028 2C0D      		add r18,r12
 117 002a 3D1D      		adc r19,r13
 118 002c 4E1D      		adc r20,r14
 119 002e 5F1D      		adc r21,r15
  47:../freeRTOS750/lib_time/sun_set.c **** 
  48:../freeRTOS750/lib_time/sun_set.c ****     return t;
  49:../freeRTOS750/lib_time/sun_set.c **** 
  50:../freeRTOS750/lib_time/sun_set.c **** }
 121               	.LM4:
 122 0030 B901      		movw r22,r18
 123 0032 CA01      		movw r24,r20
 124               	/* epilogue start */
 125 0034 DF91      		pop r29
 126 0036 CF91      		pop r28
 127 0038 FF90      		pop r15
 128 003a EF90      		pop r14
 129 003c DF90      		pop r13
 130 003e CF90      		pop r12
 131 0040 0895      		ret
 133               	.Lscope1:
 135               		.stabd	78,0,0
 137               	.Letext0:
 138               		.ident	"GCC: (GNU) 4.7.2"
DEFINED SYMBOLS
                            *ABS*:00000000 sun_set.c
     /tmp/ccSMTuGh.s:2      *ABS*:0000003e __SP_H__
     /tmp/ccSMTuGh.s:3      *ABS*:0000003d __SP_L__
     /tmp/ccSMTuGh.s:4      *ABS*:0000003f __SREG__
     /tmp/ccSMTuGh.s:5      *ABS*:00000000 __tmp_reg__
     /tmp/ccSMTuGh.s:6      *ABS*:00000001 __zero_reg__
     /tmp/ccSMTuGh.s:84     .text:00000000 sun_set

UNDEFINED SYMBOLS
solar_noon
daylight_seconds
__divmodsi4
