   1               		.file	"system_time.c"
   2               	__SP_H__ = 0x3e
   3               	__SP_L__ = 0x3d
   4               	__SREG__ = 0x3f
   5               	__tmp_reg__ = 0
   6               	__zero_reg__ = 1
   9               		.text
  10               	.Ltext0:
  80               		.comm	__system_time,4,1
  83               	.Letext0:
  84               		.ident	"GCC: (GNU) 4.7.2"
  85               	.global __do_clear_bss
DEFINED SYMBOLS
                            *ABS*:00000000 system_time.c
     /tmp/cc9S62ek.s:2      *ABS*:0000003e __SP_H__
     /tmp/cc9S62ek.s:3      *ABS*:0000003d __SP_L__
     /tmp/cc9S62ek.s:4      *ABS*:0000003f __SREG__
     /tmp/cc9S62ek.s:5      *ABS*:00000000 __tmp_reg__
     /tmp/cc9S62ek.s:6      *ABS*:00000001 __zero_reg__
                            *COM*:00000004 __system_time

UNDEFINED SYMBOLS
__do_clear_bss
