   1               	# 1 "../freeRTOS750/lib_time/system_tick.S"
   1               	/*
   0               	
   2               	 * (c)2012 Michael Duane Rice All rights reserved.
   3               	 *
   4               	 * Redistribution and use in source and binary forms, with or without
   5               	 * modification, are permitted provided that the following conditions are
   6               	 * met:
   7               	 *
   8               	 * Redistributions of source code must retain the above copyright notice, this
   9               	 * list of conditions and the following disclaimer. Redistributions in binary
  10               	 * form must reproduce the above copyright notice, this list of conditions
  11               	 * and the following disclaimer in the documentation and/or other materials
  12               	 * provided with the distribution. Neither the name of the copyright holders
  13               	 * nor the names of contributors may be used to endorse or promote products
  14               	 * derived from this software without specific prior written permission.
  15               	 *
  16               	 * THIS SOFTWARE IS PROVIDED BY THE COPYRIGHT HOLDERS AND CONTRIBUTORS "AS IS"
  17               	 * AND ANY EXPRESS OR IMPLIED WARRANTIES, INCLUDING, BUT NOT LIMITED TO, THE
  18               	 * IMPLIED WARRANTIES OF MERCHANTABILITY AND FITNESS FOR A PARTICULAR PURPOSE
  19               	 * ARE DISCLAIMED. IN NO EVENT SHALL THE COPYRIGHT OWNER OR CONTRIBUTORS BE
  20               	 * LIABLE FOR ANY DIRECT, INDIRECT, INCIDENTAL, SPECIAL, EXEMPLARY, OR
  21               	 * CONSEQUENTIAL DAMAGES (INCLUDING, BUT NOT LIMITED TO, PROCUREMENT OF
  22               	 * SUBSTITUTE GOODS OR SERVICES; LOSS OF USE, DATA, OR PROFITS; OR BUSINESS
  23               	 * INTERRUPTION) HOWEVER CAUSED AND ON ANY THEORY OF LIABILITY, WHETHER IN
  24               	 * CONTRACT, STRICT LIABILITY, OR TORT (INCLUDING NEGLIGENCE OR OTHERWISE)
  25               	 * ARISING IN ANY WAY OUT OF THE USE OF THIS SOFTWARE, EVEN IF ADVISED OF THE
  26               	 * POSSIBILITY OF SUCH DAMAGE.
  27               	 */
  28               	
  29               	/* $Id$ */
  30               	
  31               	/*
  32               	    Impoved system_tick Credit to Wouter van Gulik.
  33               	*/
  34               	
  35               	#include <avr/common.h>
   1               	/* Copyright (c) 2007 Eric B. Weddington
   2               	   All rights reserved.
   3               	
   4               	   Redistribution and use in source and binary forms, with or without
   5               	   modification, are permitted provided that the following conditions are met:
   6               	
   7               	   * Redistributions of source code must retain the above copyright
   8               	     notice, this list of conditions and the following disclaimer.
   9               	
  10               	   * Redistributions in binary form must reproduce the above copyright
  11               	     notice, this list of conditions and the following disclaimer in
  12               	     the documentation and/or other materials provided with the
  13               	     distribution.
  14               	
  15               	   * Neither the name of the copyright holders nor the names of
  16               	     contributors may be used to endorse or promote products derived
  17               	     from this software without specific prior written permission.
  18               	
  19               	  THIS SOFTWARE IS PROVIDED BY THE COPYRIGHT HOLDERS AND CONTRIBUTORS "AS IS"
  20               	  AND ANY EXPRESS OR IMPLIED WARRANTIES, INCLUDING, BUT NOT LIMITED TO, THE
  21               	  IMPLIED WARRANTIES OF MERCHANTABILITY AND FITNESS FOR A PARTICULAR PURPOSE
  22               	  ARE DISCLAIMED. IN NO EVENT SHALL THE COPYRIGHT OWNER OR CONTRIBUTORS BE
  23               	  LIABLE FOR ANY DIRECT, INDIRECT, INCIDENTAL, SPECIAL, EXEMPLARY, OR
  24               	  CONSEQUENTIAL DAMAGES (INCLUDING, BUT NOT LIMITED TO, PROCUREMENT OF
  25               	  SUBSTITUTE GOODS OR SERVICES; LOSS OF USE, DATA, OR PROFITS; OR BUSINESS
  26               	  INTERRUPTION) HOWEVER CAUSED AND ON ANY THEORY OF LIABILITY, WHETHER IN
  27               	  CONTRACT, STRICT LIABILITY, OR TORT (INCLUDING NEGLIGENCE OR OTHERWISE)
  28               	  ARISING IN ANY WAY OUT OF THE USE OF THIS SOFTWARE, EVEN IF ADVISED OF THE
  29               	  POSSIBILITY OF SUCH DAMAGE. */
  30               	
  31               	/* $Id: common.h 2102 2010-03-16 22:52:39Z joerg_wunsch $ */
  32               	
  33               	
  34               	#ifndef _AVR_COMMON_H
  35               	#define _AVR_COMMON_H
  36               	
  37               	#include <avr/sfr_defs.h>
   1               	/* Copyright (c) 2002, Marek Michalkiewicz <marekm@amelek.gda.pl>
  38               	
  36               	
  37               	    .global	system_tick
  39               	system_tick:
  40:../freeRTOS750/lib_time/system_tick.S ****     push r24
  41:../freeRTOS750/lib_time/system_tick.S ****     in r24,_SFR_IO_ADDR(SREG)
  42:../freeRTOS750/lib_time/system_tick.S **** 	push r24
  43:../freeRTOS750/lib_time/system_tick.S **** 	cli
  44:../freeRTOS750/lib_time/system_tick.S ****     lds r24,__system_time+0
  45:../freeRTOS750/lib_time/system_tick.S ****     subi r24, (-1)
  46:../freeRTOS750/lib_time/system_tick.S ****     sts __system_time+0,r24
  47:../freeRTOS750/lib_time/system_tick.S ****     lds r24,__system_time+1
  48:../freeRTOS750/lib_time/system_tick.S ****     sbci r24, (-1)
  49:../freeRTOS750/lib_time/system_tick.S ****     sts __system_time+1,r24
  50:../freeRTOS750/lib_time/system_tick.S ****     lds r24,__system_time+2
  51:../freeRTOS750/lib_time/system_tick.S ****     sbci r24, (-1)
  52:../freeRTOS750/lib_time/system_tick.S ****     sts __system_time+2,r24
  53:../freeRTOS750/lib_time/system_tick.S ****     lds r24,__system_time+3
  54:../freeRTOS750/lib_time/system_tick.S ****     sbci r24, (-1)
  55:../freeRTOS750/lib_time/system_tick.S ****     sts __system_time+3,r24
  56:../freeRTOS750/lib_time/system_tick.S ****     pop r24
  57:../freeRTOS750/lib_time/system_tick.S ****     out _SFR_IO_ADDR(SREG),r24
  58:../freeRTOS750/lib_time/system_tick.S ****     pop r24
  59:../freeRTOS750/lib_time/system_tick.S ****     ret
DEFINED SYMBOLS
../freeRTOS750/lib_time/system_tick.S:39     .text:00000000 system_tick

UNDEFINED SYMBOLS
__system_time
