   1               		.file	"time.c"
   2               	__SP_H__ = 0x3e
   3               	__SP_L__ = 0x3d
   4               	__SREG__ = 0x3f
   5               	__tmp_reg__ = 0
   6               	__zero_reg__ = 1
   9               		.text
  10               	.Ltext0:
  82               	.global	time
  84               	time:
  85               		.stabd	46,0,0
   1:../freeRTOS750/lib_time/time.c **** /*
   2:../freeRTOS750/lib_time/time.c ****  * (c)2012 Michael Duane Rice All rights reserved.
   3:../freeRTOS750/lib_time/time.c ****  *
   4:../freeRTOS750/lib_time/time.c ****  * Redistribution and use in source and binary forms, with or without
   5:../freeRTOS750/lib_time/time.c ****  * modification, are permitted provided that the following conditions are
   6:../freeRTOS750/lib_time/time.c ****  * met:
   7:../freeRTOS750/lib_time/time.c ****  *
   8:../freeRTOS750/lib_time/time.c ****  * Redistributions of source code must retain the above copyright notice, this
   9:../freeRTOS750/lib_time/time.c ****  * list of conditions and the following disclaimer. Redistributions in binary
  10:../freeRTOS750/lib_time/time.c ****  * form must reproduce the above copyright notice, this list of conditions
  11:../freeRTOS750/lib_time/time.c ****  * and the following disclaimer in the documentation and/or other materials
  12:../freeRTOS750/lib_time/time.c ****  * provided with the distribution. Neither the name of the copyright holders
  13:../freeRTOS750/lib_time/time.c ****  * nor the names of contributors may be used to endorse or promote products
  14:../freeRTOS750/lib_time/time.c ****  * derived from this software without specific prior written permission.
  15:../freeRTOS750/lib_time/time.c ****  *
  16:../freeRTOS750/lib_time/time.c ****  * THIS SOFTWARE IS PROVIDED BY THE COPYRIGHT HOLDERS AND CONTRIBUTORS "AS IS"
  17:../freeRTOS750/lib_time/time.c ****  * AND ANY EXPRESS OR IMPLIED WARRANTIES, INCLUDING, BUT NOT LIMITED TO, THE
  18:../freeRTOS750/lib_time/time.c ****  * IMPLIED WARRANTIES OF MERCHANTABILITY AND FITNESS FOR A PARTICULAR PURPOSE
  19:../freeRTOS750/lib_time/time.c ****  * ARE DISCLAIMED. IN NO EVENT SHALL THE COPYRIGHT OWNER OR CONTRIBUTORS BE
  20:../freeRTOS750/lib_time/time.c ****  * LIABLE FOR ANY DIRECT, INDIRECT, INCIDENTAL, SPECIAL, EXEMPLARY, OR
  21:../freeRTOS750/lib_time/time.c ****  * CONSEQUENTIAL DAMAGES (INCLUDING, BUT NOT LIMITED TO, PROCUREMENT OF
  22:../freeRTOS750/lib_time/time.c ****  * SUBSTITUTE GOODS OR SERVICES; LOSS OF USE, DATA, OR PROFITS; OR BUSINESS
  23:../freeRTOS750/lib_time/time.c ****  * INTERRUPTION) HOWEVER CAUSED AND ON ANY THEORY OF LIABILITY, WHETHER IN
  24:../freeRTOS750/lib_time/time.c ****  * CONTRACT, STRICT LIABILITY, OR TORT (INCLUDING NEGLIGENCE OR OTHERWISE)
  25:../freeRTOS750/lib_time/time.c ****  * ARISING IN ANY WAY OUT OF THE USE OF THIS SOFTWARE, EVEN IF ADVISED OF THE
  26:../freeRTOS750/lib_time/time.c ****  * POSSIBILITY OF SUCH DAMAGE.
  27:../freeRTOS750/lib_time/time.c ****  */
  28:../freeRTOS750/lib_time/time.c **** 
  29:../freeRTOS750/lib_time/time.c **** /* $Id$ */
  30:../freeRTOS750/lib_time/time.c **** 
  31:../freeRTOS750/lib_time/time.c **** /*
  32:../freeRTOS750/lib_time/time.c **** 	Standard time() function. Copying from __system_time must be atomic, since it
  33:../freeRTOS750/lib_time/time.c **** 	may be incremented at interrupt time.
  34:../freeRTOS750/lib_time/time.c **** */
  35:../freeRTOS750/lib_time/time.c **** #include <time.h>
  36:../freeRTOS750/lib_time/time.c **** #include <inttypes.h>
  37:../freeRTOS750/lib_time/time.c **** 
  38:../freeRTOS750/lib_time/time.c **** extern volatile time_t __system_time;
  39:../freeRTOS750/lib_time/time.c **** 
  40:../freeRTOS750/lib_time/time.c **** time_t
  41:../freeRTOS750/lib_time/time.c **** time(time_t * timer)
  42:../freeRTOS750/lib_time/time.c **** {
  87               	.LM0:
  88               	.LFBB1:
  89 0000 0F93      		push r16
  90 0002 1F93      		push r17
  91               	/* prologue: function */
  92               	/* frame size = 0 */
  93               	/* stack size = 2 */
  94               	.L__stack_usage = 2
  43:../freeRTOS750/lib_time/time.c **** 	time_t          ret;
  44:../freeRTOS750/lib_time/time.c **** 
  45:../freeRTOS750/lib_time/time.c **** 	asm             volatile(
  96               	.LM1:
  97               	/* #APP */
  98               	 ;  45 "../freeRTOS750/lib_time/time.c" 1
  99 0004 0FB6      		in __tmp_reg__, __SREG__
 100 0006 F894      		cli
 101               		
 102               	 ;  0 "" 2
  46:../freeRTOS750/lib_time/time.c **** 			                   "in __tmp_reg__, __SREG__" "\n\t"
  47:../freeRTOS750/lib_time/time.c **** 				                 "cli" "\n\t"
  48:../freeRTOS750/lib_time/time.c **** 				 ::
  49:../freeRTOS750/lib_time/time.c **** 	);
  50:../freeRTOS750/lib_time/time.c **** 	ret = __system_time;
 104               	.LM2:
 105               	/* #NOAPP */
 106 0008 0091 0000 		lds r16,__system_time
 107 000c 1091 0000 		lds r17,__system_time+1
 108 0010 2091 0000 		lds r18,__system_time+2
 109 0014 3091 0000 		lds r19,__system_time+3
  51:../freeRTOS750/lib_time/time.c **** 	asm             volatile(
 111               	.LM3:
 112               	/* #APP */
 113               	 ;  51 "../freeRTOS750/lib_time/time.c" 1
 114 0018 0FBE      		out __SREG__, __tmp_reg__
 115               		
 116               	 ;  0 "" 2
  52:../freeRTOS750/lib_time/time.c **** 			                  "out __SREG__, __tmp_reg__" "\n\t"
  53:../freeRTOS750/lib_time/time.c **** 				 ::
  54:../freeRTOS750/lib_time/time.c **** 	);
  55:../freeRTOS750/lib_time/time.c **** 	if (timer)
 118               	.LM4:
 119               	/* #NOAPP */
 120 001a 0097      		sbiw r24,0
 121 001c 01F0      		breq .L2
  56:../freeRTOS750/lib_time/time.c **** 		*timer = ret;
 123               	.LM5:
 124 001e FC01      		movw r30,r24
 125 0020 0083      		st Z,r16
 126 0022 1183      		std Z+1,r17
 127 0024 2283      		std Z+2,r18
 128 0026 3383      		std Z+3,r19
 129               	.L2:
  57:../freeRTOS750/lib_time/time.c **** 	return ret;
  58:../freeRTOS750/lib_time/time.c **** }
 131               	.LM6:
 132 0028 B801      		movw r22,r16
 133 002a C901      		movw r24,r18
 134               	/* epilogue start */
 135 002c 1F91      		pop r17
 136 002e 0F91      		pop r16
 137 0030 0895      		ret
 142               	.Lscope1:
 144               		.stabd	78,0,0
 146               	.Letext0:
 147               		.ident	"GCC: (GNU) 4.7.2"
DEFINED SYMBOLS
                            *ABS*:00000000 time.c
     /tmp/ccLtYBdj.s:2      *ABS*:0000003e __SP_H__
     /tmp/ccLtYBdj.s:3      *ABS*:0000003d __SP_L__
     /tmp/ccLtYBdj.s:4      *ABS*:0000003f __SREG__
     /tmp/ccLtYBdj.s:5      *ABS*:00000000 __tmp_reg__
     /tmp/ccLtYBdj.s:6      *ABS*:00000001 __zero_reg__
     /tmp/ccLtYBdj.s:84     .text:00000000 time

UNDEFINED SYMBOLS
__system_time
