   1               		.file	"utc_offset.c"
   2               	__SP_H__ = 0x3e
   3               	__SP_L__ = 0x3d
   4               	__SREG__ = 0x3f
   5               	__tmp_reg__ = 0
   6               	__zero_reg__ = 1
   9               		.text
  10               	.Ltext0:
  59               		.comm	__utc_offset,4,1
  62               	.Letext0:
  63               		.ident	"GCC: (GNU) 4.7.2"
  64               	.global __do_clear_bss
DEFINED SYMBOLS
                            *ABS*:00000000 utc_offset.c
     /tmp/cciifhwm.s:2      *ABS*:0000003e __SP_H__
     /tmp/cciifhwm.s:3      *ABS*:0000003d __SP_L__
     /tmp/cciifhwm.s:4      *ABS*:0000003f __SREG__
     /tmp/cciifhwm.s:5      *ABS*:00000000 __tmp_reg__
     /tmp/cciifhwm.s:6      *ABS*:00000001 __zero_reg__
                            *COM*:00000004 __utc_offset

UNDEFINED SYMBOLS
__do_clear_bss
